#Packing pin usage report
Type: CLB
	Input Pin Usage:
		Max: 64.00 (0.88)
		Avg: 41.09 (0.56)
		Min: 2.00 (0.03)
		Histogram:
		[        0:      7.3) 14 (  6.2%) |*********
		[      7.3:       15)  1 (  0.4%) |*
		[       15:       22)  2 (  0.9%) |*
		[       22:       29)  8 (  3.6%) |*****
		[       29:       36) 71 ( 31.7%) |************************************************
		[       36:       44) 22 (  9.8%) |***************
		[       44:       51) 47 ( 21.0%) |********************************
		[       51:       58) 48 ( 21.4%) |********************************
		[       58:       66) 11 (  4.9%) |*******
		[       66:       73)  0 (  0.0%) |
	Output Pin Usage:
		Max: 28.00 (0.85)
		Avg: 14.40 (0.44)
		Min: 1.00 (0.03)
		Histogram:
		[        0:      3.3) 14 (  6.2%) |***********
		[      3.3:      6.6)  2 (  0.9%) |**
		[      6.6:      9.9) 59 ( 26.3%) |************************************************
		[      9.9:       13) 42 ( 18.8%) |**********************************
		[       13:       16)  4 (  1.8%) |***
		[       16:       20) 34 ( 15.2%) |****************************
		[       20:       23) 43 ( 19.2%) |***********************************
		[       23:       26) 24 ( 10.7%) |********************
		[       26:       30)  2 (  0.9%) |**
		[       30:       33)  0 (  0.0%) |

Type: DSP
	Input Pin Usage:
		Max: 58.00 (0.22)
		Avg: 58.00 (0.22)
		Min: 58.00 (0.22)
		Histogram:
		[        0:       27) 0 (  0.0%) |
		[       27:       53) 0 (  0.0%) |
		[       53:       80) 2 (100.0%) |*************************************************
		[       80:  1.1e+02) 0 (  0.0%) |
		[  1.1e+02:  1.3e+02) 0 (  0.0%) |
		[  1.3e+02:  1.6e+02) 0 (  0.0%) |
		[  1.6e+02:  1.9e+02) 0 (  0.0%) |
		[  1.9e+02:  2.1e+02) 0 (  0.0%) |
		[  2.1e+02:  2.4e+02) 0 (  0.0%) |
		[  2.4e+02:  2.7e+02) 0 (  0.0%) |
	Output Pin Usage:
		Max: 16.00 (0.10)
		Avg: 16.00 (0.10)
		Min: 16.00 (0.10)
		Histogram:
		[        0:       16) 2 (100.0%) |*************************************************
		[       16:       32) 0 (  0.0%) |
		[       32:       49) 0 (  0.0%) |
		[       49:       65) 0 (  0.0%) |
		[       65:       81) 0 (  0.0%) |
		[       81:       97) 0 (  0.0%) |
		[       97:  1.1e+02) 0 (  0.0%) |
		[  1.1e+02:  1.3e+02) 0 (  0.0%) |
		[  1.3e+02:  1.5e+02) 0 (  0.0%) |
		[  1.5e+02:  1.6e+02) 0 (  0.0%) |

Type: BRAM
	Input Pin Usage:
		Max: 19.00 (0.09)
		Avg: 19.00 (0.09)
		Min: 19.00 (0.09)
		Histogram:
		[        0:       21) 2 (100.0%) |*************************************************
		[       21:       43) 0 (  0.0%) |
		[       43:       64) 0 (  0.0%) |
		[       64:       85) 0 (  0.0%) |
		[       85:  1.1e+02) 0 (  0.0%) |
		[  1.1e+02:  1.3e+02) 0 (  0.0%) |
		[  1.3e+02:  1.5e+02) 0 (  0.0%) |
		[  1.5e+02:  1.7e+02) 0 (  0.0%) |
		[  1.7e+02:  1.9e+02) 0 (  0.0%) |
		[  1.9e+02:  2.1e+02) 0 (  0.0%) |
	Output Pin Usage:
		Max: 1.00 (0.01)
		Avg: 1.00 (0.01)
		Min: 1.00 (0.01)
		Histogram:
		[        0:       16) 2 (100.0%) |*************************************************
		[       16:       33) 0 (  0.0%) |
		[       33:       50) 0 (  0.0%) |
		[       50:       66) 0 (  0.0%) |
		[       66:       82) 0 (  0.0%) |
		[       82:       99) 0 (  0.0%) |
		[       99:  1.2e+02) 0 (  0.0%) |
		[  1.2e+02:  1.3e+02) 0 (  0.0%) |
		[  1.3e+02:  1.5e+02) 0 (  0.0%) |
		[  1.5e+02:  1.6e+02) 0 (  0.0%) |

Type: IO
	Input Pin Usage:
		Max: 1.00 (0.50)
		Avg: 0.29 (0.15)
		Min: 0.00 (0.00)
		Histogram:
		[        0:      0.2) 51 ( 70.8%) |************************************************
		[      0.2:      0.4)  0 (  0.0%) |
		[      0.4:      0.6)  0 (  0.0%) |
		[      0.6:      0.8)  0 (  0.0%) |
		[      0.8:        1) 21 ( 29.2%) |********************
		[        1:      1.2)  0 (  0.0%) |
		[      1.2:      1.4)  0 (  0.0%) |
		[      1.4:      1.6)  0 (  0.0%) |
		[      1.6:      1.8)  0 (  0.0%) |
		[      1.8:        2)  0 (  0.0%) |
	Output Pin Usage:
		Max: 1.00 (1.00)
		Avg: 0.72 (0.72)
		Min: 0.00 (0.00)
		Histogram:
		[        0:      0.1) 20 ( 27.8%) |******************
		[      0.1:      0.2)  0 (  0.0%) |
		[      0.2:      0.3)  0 (  0.0%) |
		[      0.3:      0.4)  0 (  0.0%) |
		[      0.4:      0.5)  0 (  0.0%) |
		[      0.5:      0.6)  0 (  0.0%) |
		[      0.6:      0.7)  0 (  0.0%) |
		[      0.7:      0.8)  0 (  0.0%) |
		[      0.8:      0.9)  0 (  0.0%) |
		[      0.9:        1) 52 ( 72.2%) |************************************************

